Thu May 22 02:53:24 +03 2025: [INFO] Baseline dosyası oluşturuluyor.
Thu May 22 02:56:49 +03 2025: [INFO] Baseline dosyası oluşturuluyor.
Thu May 22 02:57:16 +03 2025: [INFO] Integrity kontrolü başladı.
Thu May 22 02:57:16 +03 2025: [SİLİNMİŞ] /opt/scripts/b.sh silinmiş.
Thu May 22 02:57:16 +03 2025: [YENİ]  eklendi.
Thu May 22 03:02:10 +03 2025: [INFO] Integrity kontrolü başladı.
Thu May 22 03:02:10 +03 2025: [SİLİNMİŞ] /opt/scripts/b.sh silinmiş.
Thu May 22 03:02:10 +03 2025: [DEĞİŞMİŞ]  değişmiş.
find: sha256sum: No such file or directory
find: sha256sum: No such file or directory
Thu May 22 03:31:00 +03 2025: [INFO] Integrity kontrolü başladı.
Thu May 22 03:31:00 +03 2025: [SİLİNMİŞ] /opt/scripts/b.sh silinmiş.
/Users/defnecifci/scripts/file-integrity-checker/bin/check_integrity.sh: line 37: sha256sum: command not found
Thu May 22 03:31:00 +03 2025: [DEĞİŞMİŞ]  değişmiş.
find: sha256sum: No such file or directory
find: sha256sum: No such file or directory
Thu May 22 03:32:00 +03 2025: [INFO] Integrity kontrolü başladı.
Thu May 22 03:32:00 +03 2025: [SİLİNMİŞ] /opt/scripts/b.sh silinmiş.
/Users/defnecifci/scripts/file-integrity-checker/bin/check_integrity.sh: line 37: sha256sum: command not found
Thu May 22 03:32:00 +03 2025: [DEĞİŞMİŞ]  değişmiş.
Thu May 22 03:32:37 +03 2025: [INFO] Baseline dosyası oluşturuluyor.
find: sha256sum: No such file or directory
find: sha256sum: No such file or directory
Thu May 22 03:33:00 +03 2025: [INFO] Integrity kontrolü başladı.
/Users/defnecifci/scripts/file-integrity-checker/bin/check_integrity.sh: line 37: sha256sum: command not found
Thu May 22 03:33:00 +03 2025: [DEĞİŞMİŞ]  değişmiş.
/Users/defnecifci/scripts/file-integrity-checker/bin/check_integrity.sh: line 37: sha256sum: command not found
Thu May 22 03:33:01 +03 2025: [DEĞİŞMİŞ]  değişmiş.
find: sha256sum: No such file or directory
find: sha256sum: No such file or directory
Thu May 22 03:34:00 +03 2025: [INFO] Integrity kontrolü başladı.
/Users/defnecifci/scripts/file-integrity-checker/bin/check_integrity.sh: line 37: sha256sum: command not found
Thu May 22 03:34:00 +03 2025: [DEĞİŞMİŞ]  değişmiş.
/Users/defnecifci/scripts/file-integrity-checker/bin/check_integrity.sh: line 37: sha256sum: command not found
Thu May 22 03:34:00 +03 2025: [DEĞİŞMİŞ]  değişmiş.
find: sha256sum: No such file or directory
find: sha256sum: No such file or directory
Thu May 22 03:35:00 +03 2025: [INFO] Integrity kontrolü başladı.
/Users/defnecifci/scripts/file-integrity-checker/bin/check_integrity.sh: line 37: sha256sum: command not found
Thu May 22 03:35:00 +03 2025: [DEĞİŞMİŞ]  değişmiş.
/Users/defnecifci/scripts/file-integrity-checker/bin/check_integrity.sh: line 37: sha256sum: command not found
Thu May 22 03:35:00 +03 2025: [DEĞİŞMİŞ]  değişmiş.
find: sha256sum: No such file or directory
find: sha256sum: No such file or directory
Thu May 22 03:36:00 +03 2025: [INFO] Integrity kontrolü başladı.
/Users/defnecifci/scripts/file-integrity-checker/bin/check_integrity.sh: line 37: sha256sum: command not found
Thu May 22 03:36:00 +03 2025: [DEĞİŞMİŞ]  değişmiş.
/Users/defnecifci/scripts/file-integrity-checker/bin/check_integrity.sh: line 37: sha256sum: command not found
Thu May 22 03:36:00 +03 2025: [DEĞİŞMİŞ]  değişmiş.
find: sha256sum: No such file or directory
find: sha256sum: No such file or directory
Thu May 22 03:37:00 +03 2025: [INFO] Integrity kontrolü başladı.
/Users/defnecifci/scripts/file-integrity-checker/bin/check_integrity.sh: line 37: sha256sum: command not found
Thu May 22 03:37:00 +03 2025: [DEĞİŞMİŞ]  değişmiş.
/Users/defnecifci/scripts/file-integrity-checker/bin/check_integrity.sh: line 37: sha256sum: command not found
Thu May 22 03:37:00 +03 2025: [DEĞİŞMİŞ]  değişmiş.
find: sha256sum: No such file or directory
find: sha256sum: No such file or directory
Thu May 22 03:38:00 +03 2025: [INFO] Integrity kontrolü başladı.
/Users/defnecifci/scripts/file-integrity-checker/bin/check_integrity.sh: line 37: sha256sum: command not found
Thu May 22 03:38:00 +03 2025: [DEĞİŞMİŞ]  değişmiş.
/Users/defnecifci/scripts/file-integrity-checker/bin/check_integrity.sh: line 37: sha256sum: command not found
Thu May 22 03:38:00 +03 2025: [DEĞİŞMİŞ]  değişmiş.
Thu May 22 03:38:54 +03 2025: [INFO] Integrity kontrolü başladı.
find: sha256sum: No such file or directory
find: sha256sum: No such file or directory
Thu May 22 03:39:00 +03 2025: [INFO] Integrity kontrolü başladı.
/Users/defnecifci/scripts/file-integrity-checker/bin/check_integrity.sh: line 37: sha256sum: command not found
Thu May 22 03:39:00 +03 2025: [DEĞİŞMİŞ]  değişmiş.
/Users/defnecifci/scripts/file-integrity-checker/bin/check_integrity.sh: line 37: sha256sum: command not found
Thu May 22 03:39:00 +03 2025: [DEĞİŞMİŞ]  değişmiş.
find: sha256sum: No such file or directory
find: sha256sum: No such file or directory
Thu May 22 03:40:01 +03 2025: [INFO] Integrity kontrolü başladı.
/Users/defnecifci/scripts/file-integrity-checker/bin/check_integrity.sh: line 37: sha256sum: command not found
Thu May 22 03:40:01 +03 2025: [DEĞİŞMİŞ]  değişmiş.
/Users/defnecifci/scripts/file-integrity-checker/bin/check_integrity.sh: line 37: sha256sum: command not found
Thu May 22 03:40:01 +03 2025: [DEĞİŞMİŞ]  değişmiş.
find: sha256sum: No such file or directory
find: sha256sum: No such file or directory
Thu May 22 03:41:00 +03 2025: [INFO] Integrity kontrolü başladı.
/Users/defnecifci/scripts/file-integrity-checker/bin/check_integrity.sh: line 37: sha256sum: command not found
Thu May 22 03:41:00 +03 2025: [DEĞİŞMİŞ]  değişmiş.
/Users/defnecifci/scripts/file-integrity-checker/bin/check_integrity.sh: line 37: sha256sum: command not found
Thu May 22 03:41:00 +03 2025: [DEĞİŞMİŞ]  değişmiş.
find: sha256sum: No such file or directory
find: sha256sum: No such file or directory
Thu May 22 03:42:00 +03 2025: [INFO] Integrity kontrolü başladı.
/Users/defnecifci/scripts/file-integrity-checker/bin/check_integrity.sh: line 37: sha256sum: command not found
Thu May 22 03:42:00 +03 2025: [DEĞİŞMİŞ]  değişmiş.
/Users/defnecifci/scripts/file-integrity-checker/bin/check_integrity.sh: line 37: sha256sum: command not found
Thu May 22 03:42:00 +03 2025: [DEĞİŞMİŞ]  değişmiş.
find: sha256sum: No such file or directory
find: sha256sum: No such file or directory
Thu May 22 03:43:00 +03 2025: [INFO] Integrity kontrolü başladı.
/Users/defnecifci/scripts/file-integrity-checker/bin/check_integrity.sh: line 37: sha256sum: command not found
Thu May 22 03:43:00 +03 2025: [DEĞİŞMİŞ]  değişmiş.
/Users/defnecifci/scripts/file-integrity-checker/bin/check_integrity.sh: line 37: sha256sum: command not found
Thu May 22 03:43:00 +03 2025: [DEĞİŞMİŞ]  değişmiş.
find: sha256sum: No such file or directory
find: sha256sum: No such file or directory
Thu May 22 03:44:00 +03 2025: [INFO] Integrity kontrolü başladı.
/Users/defnecifci/scripts/file-integrity-checker/bin/check_integrity.sh: line 37: sha256sum: command not found
Thu May 22 03:44:00 +03 2025: [DEĞİŞMİŞ]  değişmiş.
/Users/defnecifci/scripts/file-integrity-checker/bin/check_integrity.sh: line 37: sha256sum: command not found
Thu May 22 03:44:00 +03 2025: [DEĞİŞMİŞ]  değişmiş.
Thu May 22 03:44:26 +03 2025: [INFO] Integrity kontrolü başladı.
Thu May 22 03:45:00 +03 2025: [INFO] Integrity kontrolü başladı.
Thu May 22 03:46:00 +03 2025: [INFO] Integrity kontrolü başladı.
Thu May 22 03:46:56 +03 2025: [INFO] Integrity kontrolü başladı.
Thu May 22 03:47:00 +03 2025: [INFO] Integrity kontrolü başladı.
Thu May 22 03:48:00 +03 2025: [INFO] Integrity kontrolü başladı.
Thu May 22 03:49:00 +03 2025: [INFO] Integrity kontrolü başladı.
Thu May 22 03:50:00 +03 2025: [INFO] Integrity kontrolü başladı.
Thu May 22 03:51:00 +03 2025: [INFO] Integrity kontrolü başladı.
Thu May 22 03:52:00 +03 2025: [INFO] Integrity kontrolü başladı.
Thu May 22 03:56:40 +03 2025: [INFO] Integrity kontrolü başladı.
Thu May 22 03:56:59 +03 2025: [INFO] Integrity kontrolü başladı.
